<?xml version="1.0" encoding="UTF-8"?>
<!-- Generated by org.testng.reporters.JUnitReportReporter -->
<testsuite hostname="DESKTOP-3I5C8GM" failures="0" tests="2" name="com.logintest.TestClass_Signup" time="3.286" errors="0" timestamp="2023-08-22T13:17:39 IST" skipped="0">
  <testcase classname="com.logintest.TestClass_Signup" name="ClickonSignuplink" time="2.251"/>
  <testcase classname="com.logintest.TestClass_Signup" name="VerifyLoginFnctionality" time="1.035"/>
</testsuite> <!-- com.logintest.TestClass_Signup -->
